<?xml version="1.0" encoding="UTF-8"?>
<!-- Generated by org.testng.reporters.JUnitReportReporter -->
<testsuite hostname="QSP" failures="0" tests="1" name="scripts.Testcase2" time="35.616" errors="0" timestamp="2022-06-11T16:20:32 IST" skipped="0">
  <testcase classname="scripts.Testcase2" name="tc2" time="35.616"/>
</testsuite> <!-- scripts.Testcase2 -->
