<?xml version="1.0" encoding="UTF-8"?>
<!-- Generated by org.testng.reporters.JUnitReportReporter -->
<testsuite hostname="QSP" failures="0" tests="1" name="scripts.Testcase3" time="38.520" errors="0" timestamp="2022-06-11T16:20:32 IST" skipped="0">
  <testcase classname="scripts.Testcase3" name="tc3" time="38.520"/>
</testsuite> <!-- scripts.Testcase3 -->
